<?xml version="1.0" encoding="UTF-8"?>
<!-- Generated by org.testng.reporters.JUnitReportReporter -->
<testsuite hostname="LAPTOP-P4KC9GUF" failures="0" tests="1" name="PageTestCases.LoginTestPavan" time="1.656" errors="0" timestamp="2025-01-16T21:30:39 IST" skipped="0">
  <testcase classname="PageTestCases.LoginTestPavan" name="verify_Login" time="1.656"/>
</testsuite> <!-- PageTestCases.LoginTestPavan -->
