<?xml version="1.0" encoding="UTF-8"?>
<!-- Generated by org.testng.reporters.JUnitReportReporter -->
<testsuite hostname="LAPTOP-P4KC9GUF" failures="0" tests="3" name="com.qa.test.Dp4" time="35.907" errors="0" timestamp="2024-08-04T18:25:19 IST" skipped="0">
  <testcase classname="com.qa.test.Dp4" name="setup" time="3.883"/>
  <testcase classname="com.qa.test.Dp4" name="setup" time="22.580"/>
  <testcase classname="com.qa.test.Dp4" name="setup" time="9.444"/>
</testsuite> <!-- com.qa.test.Dp4 -->
