<?xml version="1.0" encoding="UTF-8"?>
<!-- Generated by org.testng.reporters.JUnitReportReporter -->
<testsuite hostname="LAPTOP-P4KC9GUF" failures="0" tests="2" name="TestNgTest.PaymenttestGr" time="0.014" errors="0" timestamp="2024-11-13T16:14:29 IST" skipped="0">
  <testcase classname="TestNgTest.PaymenttestGr" name="paymentinruppe" time="0.013"/>
  <testcase classname="TestNgTest.PaymenttestGr" name="paymentindoller" time="0.001"/>
</testsuite> <!-- TestNgTest.PaymenttestGr -->
