<?xml version="1.0" encoding="UTF-8"?>
<!-- Generated by org.testng.reporters.JUnitReportReporter -->
<testsuite hostname="LAPTOP-P4KC9GUF" failures="0" tests="3" name="com.inetbanking.testCases.Parameter_pracTest" time="0.016" errors="0" timestamp="2024-07-12T22:54:03 IST" skipped="0">
  <testcase classname="com.inetbanking.testCases.Parameter_pracTest" name="sub" time="0.002"/>
  <testcase classname="com.inetbanking.testCases.Parameter_pracTest" name="add" time="0.013"/>
  <testcase classname="com.inetbanking.testCases.Parameter_pracTest" name="multi" time="0.001"/>
</testsuite> <!-- com.inetbanking.testCases.Parameter_pracTest -->
