<?xml version="1.0" encoding="UTF-8"?>
<!-- Generated by org.testng.reporters.JUnitReportReporter -->
<testsuite hostname="LAPTOP-P4KC9GUF" failures="0" tests="1" name="TestNgTest.C2" time="0.001" errors="0" timestamp="2024-11-10T22:27:49 IST" skipped="0">
  <testcase classname="TestNgTest.C2" name="xyz" time="0.001"/>
</testsuite> <!-- TestNgTest.C2 -->
