<?xml version="1.0" encoding="UTF-8"?>
<!-- Generated by org.testng.reporters.JUnitReportReporter -->
<testsuite hostname="LAPTOP-P4KC9GUF" failures="0" tests="1" name="com.qa.test.SelectDemo1" time="26.072" errors="0" timestamp="2024-06-20T20:17:03 IST" skipped="0">
  <testcase classname="com.qa.test.SelectDemo1" name="login_1" time="26.072"/>
</testsuite> <!-- com.qa.test.SelectDemo1 -->
