<?xml version="1.0" encoding="UTF-8"?>
<!-- Generated by org.testng.reporters.JUnitReportReporter -->
<testsuite hostname="LAPTOP-P4KC9GUF" failures="0" tests="1" name="com.qa.test.Get_CurruntUrlTest" time="71.376" errors="0" timestamp="2024-07-09T23:06:58 IST" skipped="0">
  <testcase classname="com.qa.test.Get_CurruntUrlTest" name="testUrl" time="71.376"/>
</testsuite> <!-- com.qa.test.Get_CurruntUrlTest -->
