<?xml version="1.0" encoding="UTF-8"?>
<!-- Generated by org.testng.reporters.JUnitReportReporter -->
<testsuite hostname="LAPTOP-P4KC9GUF" failures="0" tests="1" name="com.qa.test.ParamtestTest" time="34.672" errors="0" timestamp="2024-08-04T20:12:33 IST" skipped="0">
  <testcase classname="com.qa.test.ParamtestTest" name="f" time="34.672"/>
</testsuite> <!-- com.qa.test.ParamtestTest -->
