<?xml version="1.0" encoding="UTF-8"?>
<!-- Generated by org.testng.reporters.JUnitReportReporter -->
<testsuite hostname="LAPTOP-P4KC9GUF" failures="0" tests="3" name="TestNgTest.SignuptestGr" time="0.024" errors="0" timestamp="2024-11-13T16:14:10 IST" skipped="0">
  <testcase classname="TestNgTest.SignuptestGr" name="signupbyemail" time="0.022"/>
  <testcase classname="TestNgTest.SignuptestGr" name="signupbyfacebook" time="0.001"/>
  <testcase classname="TestNgTest.SignuptestGr" name="signupbytwitter" time="0.001"/>
</testsuite> <!-- TestNgTest.SignuptestGr -->
