<?xml version="1.0" encoding="UTF-8"?>
<!-- Generated by org.testng.reporters.JUnitReportReporter -->
<testsuite hostname="LAPTOP-P4KC9GUF" failures="0" tests="3" name="TestNgTest.LogintestGr" time="0.021" errors="0" timestamp="2024-11-13T16:13:51 IST" skipped="0">
  <testcase classname="TestNgTest.LogintestGr" name="loginByemail" time="0.018"/>
  <testcase classname="TestNgTest.LogintestGr" name="loginbyFaceboo" time="0.001"/>
  <testcase classname="TestNgTest.LogintestGr" name="loginBttwitter" time="0.002"/>
</testsuite> <!-- TestNgTest.LogintestGr -->
