<?xml version="1.0" encoding="UTF-8"?>
<!-- Generated by org.testng.reporters.JUnitReportReporter -->
<testsuite hostname="LAPTOP-P4KC9GUF" failures="0" tests="5" name="com.inetbanking.testCases.Parallel1" time="0.056" errors="0" timestamp="2024-08-04T23:37:43 IST" skipped="0">
  <testcase classname="com.inetbanking.testCases.Parallel1" name="test2" time="0.011"/>
  <testcase classname="com.inetbanking.testCases.Parallel1" name="test3" time="0.011"/>
  <testcase classname="com.inetbanking.testCases.Parallel1" name="test4" time="0.011"/>
  <testcase classname="com.inetbanking.testCases.Parallel1" name="test1" time="0.011"/>
  <testcase classname="com.inetbanking.testCases.Parallel1" name="test5" time="0.012"/>
</testsuite> <!-- com.inetbanking.testCases.Parallel1 -->
