<?xml version="1.0" encoding="UTF-8"?>
<!-- Generated by org.testng.reporters.JUnitReportReporter -->
<testsuite hostname="LAPTOP-P4KC9GUF" failures="0" tests="1" name="PageTestCases.LoginTest" time="10.822" errors="0" timestamp="2024-07-18T22:59:18 IST" skipped="0">
  <testcase classname="PageTestCases.LoginTest" name="login_Test" time="10.822"/>
</testsuite> <!-- PageTestCases.LoginTest -->
