<?xml version="1.0" encoding="UTF-8"?>
<!-- Generated by org.testng.reporters.JUnitReportReporter -->
<testsuite hostname="LAPTOP-P4KC9GUF" failures="0" tests="1" name="com.inetbanking.testCases.Parameters1" time="7.056" errors="0" timestamp="2024-02-22T13:17:32 IST" skipped="0">
  <testcase classname="com.inetbanking.testCases.Parameters1" name="login" time="7.056"/>
</testsuite> <!-- com.inetbanking.testCases.Parameters1 -->
