<?xml version="1.0" encoding="UTF-8"?>
<!-- Generated by org.testng.reporters.JUnitReportReporter -->
<testsuite hostname="LAPTOP-P4KC9GUF" failures="0" tests="1" name="practice.Utilitygamil" time="0.070" errors="0" timestamp="2025-01-19T14:33:16 IST" skipped="0">
  <testcase classname="practice.Utilitygamil" name="createrandomgamilid" time="0.070"/>
</testsuite> <!-- practice.Utilitygamil -->
