<?xml version="1.0" encoding="UTF-8"?>
<!-- Generated by org.testng.reporters.JUnitReportReporter -->
<testsuite hostname="LAPTOP-P4KC9GUF" failures="0" tests="1" name="PageTestCases.Loginpagetestswaglabs1Test" time="4.378" errors="0" timestamp="2024-11-14T13:04:59 IST" skipped="0">
  <testcase classname="PageTestCases.Loginpagetestswaglabs1Test" name="verifylogin" time="4.378"/>
</testsuite> <!-- PageTestCases.Loginpagetestswaglabs1Test -->
