<?xml version="1.0" encoding="UTF-8"?>
<!-- Generated by org.testng.reporters.JUnitReportReporter -->
<testsuite hostname="LAPTOP-P4KC9GUF" failures="0" tests="1" name="PageTestCases.TestLoginddt_001Test" time="0.016" errors="0" timestamp="2025-01-16T22:02:04 IST" skipped="0">
  <testcase classname="PageTestCases.TestLoginddt_001Test" name="f" time="0.016"/>
</testsuite> <!-- PageTestCases.TestLoginddt_001Test -->
