<?xml version="1.0" encoding="UTF-8"?>
<!-- Generated by org.testng.reporters.JUnitReportReporter -->
<testsuite hostname="LAPTOP-P4KC9GUF" failures="0" tests="1" name="com.inetbanking.testCases.Parallel2Test" time="5.105" errors="0" timestamp="2024-03-23T11:06:32 IST" skipped="0">
  <testcase classname="com.inetbanking.testCases.Parallel2Test" name="met1" time="5.105"/>
</testsuite> <!-- com.inetbanking.testCases.Parallel2Test -->
