<?xml version="1.0" encoding="UTF-8"?>
<!-- Generated by org.testng.reporters.JUnitReportReporter -->
<testsuite hostname="LAPTOP-P4KC9GUF" failures="0" tests="4" name="com.inetbanking.testCases.Groups1" time="0.035" errors="0" timestamp="2024-02-04T11:44:04 IST" skipped="0">
  <testcase classname="com.inetbanking.testCases.Groups1" name="test4" time="0.001"/>
  <testcase classname="com.inetbanking.testCases.Groups1" name="test1" time="0.014"/>
  <testcase classname="com.inetbanking.testCases.Groups1" name="test2" time="0.003"/>
  <testcase classname="com.inetbanking.testCases.Groups1" name="test5" time="0.017"/>
</testsuite> <!-- com.inetbanking.testCases.Groups1 -->
