<?xml version="1.0" encoding="UTF-8"?>
<!-- Generated by org.testng.reporters.JUnitReportReporter -->
<testsuite hostname="LAPTOP-P4KC9GUF" failures="0" tests="1" name="TestNgTest.C1Test" time="0.008" errors="0" timestamp="2024-11-10T22:27:49 IST" skipped="0">
  <testcase classname="TestNgTest.C1Test" name="abc" time="0.008"/>
</testsuite> <!-- TestNgTest.C1Test -->
