<?xml version="1.0" encoding="UTF-8"?>
<!-- Generated by org.testng.reporters.JUnitReportReporter -->
<testsuite hostname="LAPTOP-P4KC9GUF" failures="0" tests="9" name="ParameterAndParallel.ParameterTest1Test" time="0.241" errors="0" timestamp="2024-11-15T20:15:30 IST" skipped="0">
  <testcase classname="ParameterAndParallel.ParameterTest1Test" name="logotest" time="0.066"/>
  <testcase classname="ParameterAndParallel.ParameterTest1Test" name="urltset" time="0.011"/>
  <testcase classname="ParameterAndParallel.ParameterTest1Test" name="titletest" time="0.009"/>
  <testcase classname="ParameterAndParallel.ParameterTest1Test" name="urltset" time="0.010"/>
  <testcase classname="ParameterAndParallel.ParameterTest1Test" name="titletest" time="0.015"/>
  <testcase classname="ParameterAndParallel.ParameterTest1Test" name="logotest" time="0.046"/>
  <testcase classname="ParameterAndParallel.ParameterTest1Test" name="urltset" time="0.015"/>
  <testcase classname="ParameterAndParallel.ParameterTest1Test" name="logotest" time="0.059"/>
  <testcase classname="ParameterAndParallel.ParameterTest1Test" name="titletest" time="0.010"/>
</testsuite> <!-- ParameterAndParallel.ParameterTest1Test -->
