<?xml version="1.0" encoding="UTF-8"?>
<!-- Generated by org.testng.reporters.JUnitReportReporter -->
<testsuite hostname="LAPTOP-P4KC9GUF" failures="0" tests="1" name="com.qa.test.Without_Sendkeys1" time="74.396" errors="0" timestamp="2024-08-25T12:04:42 IST" skipped="0">
  <testcase classname="com.qa.test.Without_Sendkeys1" name="test1" time="74.396"/>
</testsuite> <!-- com.qa.test.Without_Sendkeys1 -->
