<?xml version="1.0" encoding="UTF-8"?>
<!-- Generated by org.testng.reporters.JUnitReportReporter -->
<testsuite hostname="LAPTOP-P4KC9GUF" failures="0" tests="1" name="com.qa.test.Get_Attrubute1Test" time="31.295" errors="0" timestamp="2024-06-23T20:48:21 IST" skipped="0">
  <testcase classname="com.qa.test.Get_Attrubute1Test" name="f" time="31.295"/>
</testsuite> <!-- com.qa.test.Get_Attrubute1Test -->
