<?xml version="1.0" encoding="UTF-8"?>
<!-- Generated by org.testng.reporters.JUnitReportReporter -->
<testsuite hostname="LAPTOP-P4KC9GUF" failures="0" tests="2" name="com.inetbanking.testCases.DataP2" time="6.090" errors="0" timestamp="2024-02-04T10:22:42 IST" skipped="0">
  <testcase classname="com.inetbanking.testCases.DataP2" name="login" time="2.643"/>
  <testcase classname="com.inetbanking.testCases.DataP2" name="login" time="3.447"/>
</testsuite> <!-- com.inetbanking.testCases.DataP2 -->
