<?xml version="1.0" encoding="UTF-8"?>
<!-- Generated by org.testng.reporters.JUnitReportReporter -->
<testsuite hostname="LAPTOP-P4KC9GUF" failures="0" tests="1" name="TestNgTest.Handlewindow1" time="86.595" errors="0" timestamp="2025-01-27T12:27:06 IST" skipped="0">
  <testcase classname="TestNgTest.Handlewindow1" name="amazon" time="86.595"/>
</testsuite> <!-- TestNgTest.Handlewindow1 -->
