<?xml version="1.0" encoding="UTF-8"?>
<!-- Generated by org.testng.reporters.JUnitReportReporter -->
<testsuite hostname="LAPTOP-P4KC9GUF" failures="0" tests="2" name="com.inetbanking.testCases.GroupDependency1" time="0.020" errors="0" timestamp="2024-02-04T12:08:57 IST" skipped="0">
  <testcase classname="com.inetbanking.testCases.GroupDependency1" name="method2" time="0.017"/>
  <testcase classname="com.inetbanking.testCases.GroupDependency1" name="method1" time="0.003"/>
</testsuite> <!-- com.inetbanking.testCases.GroupDependency1 -->
