<?xml version="1.0" encoding="UTF-8"?>
<!-- Generated by org.testng.reporters.JUnitReportReporter -->
<testsuite hostname="LAPTOP-P4KC9GUF" failures="0" tests="1" name="com.qa.test.Actionsrelate" time="4.463" errors="0" timestamp="2024-06-20T13:03:07 IST" skipped="0">
  <testcase classname="com.qa.test.Actionsrelate" name="actiton_demo" time="4.463"/>
</testsuite> <!-- com.qa.test.Actionsrelate -->
