<?xml version="1.0" encoding="UTF-8"?>
<!-- Generated by org.testng.reporters.JUnitReportReporter -->
<testsuite hostname="LAPTOP-P4KC9GUF" failures="0" tests="3" name="com.inetbanking.testCases.Dataprovider1" time="0.012" errors="0" timestamp="2024-02-03T18:27:44 IST" skipped="0">
  <testcase classname="com.inetbanking.testCases.Dataprovider1" name="logintest" time="0.002"/>
  <testcase classname="com.inetbanking.testCases.Dataprovider1" name="logintest" time="0.002"/>
  <testcase classname="com.inetbanking.testCases.Dataprovider1" name="logintest" time="0.008"/>
</testsuite> <!-- com.inetbanking.testCases.Dataprovider1 -->
