<?xml version="1.0" encoding="UTF-8"?>
<!-- Generated by org.testng.reporters.JUnitReportReporter -->
<testsuite hostname="LAPTOP-P4KC9GUF" failures="0" tests="2" name="com.inetbanking.testCases.Parameter_google1Test" time="11.000" errors="0" timestamp="2024-07-14T22:10:37 IST" skipped="0">
  <testcase classname="com.inetbanking.testCases.Parameter_google1Test" name="browser" time="3.945"/>
  <testcase classname="com.inetbanking.testCases.Parameter_google1Test" name="browser" time="7.055"/>
</testsuite> <!-- com.inetbanking.testCases.Parameter_google1Test -->
